<?xml version="1.0" encoding="UTF-8"?>
<testsuite xmlns:xsi="http://www.w3.org/2001/XMLSchema-instance" xsi:noNamespaceSchemaLocation="https://maven.apache.org/surefire/maven-surefire-plugin/xsd/surefire-test-report.xsd" version="3.0.2" name="org.mon.gobang.GoBangApplicationTests" time="1.207" tests="1" errors="0" skipped="0" failures="0">
  <properties>
[...]
</properties>
  <testcase name="contextLoads" classname="org.mon.gobang.GoBangApplicationTests" time="0.331">
    <system-out><![CDATA[14:34:50.140 [main] INFO org.springframework.test.context.support.AnnotationConfigContextLoaderUtils -- Could not detect default configuration classes for test class [org.mon.gobang.GoBangApplicationTests]: GoBangApplicationTests does not declare any static, non-private, non-final, nested classes annotated with @Configuration.
14:34:50.181 [main] INFO org.springframework.boot.test.context.SpringBootTestContextBootstrapper -- Found @SpringBootConfiguration org.mon.gobang.GoBangApplication for test class org.mon.gobang.GoBangApplicationTests

  .   ____          _            __ _ _
 /\\ / ___'_ __ _ _(_)_ __  __ _ \ \ \ \
( ( )\___ | '_ | '_| | '_ \/ _` | \ \ \ \
 \\/  ___)| |_)| | | | | || (_| |  ) ) ) )
  '  |____| .__|_| |_|_| |_\__, | / / / /
 =========|_|==============|___/=/_/_/_/

 :: Spring Boot ::                (v3.4.3)

2025-03-07T14:34:50.361+08:00  INFO 37755 --- [GoBang] [           main] org.mon.gobang.GoBangApplicationTests    : Starting GoBangApplicationTests using Java 17.0.11 with PID 37755 (started by zhaoqianqian in /Users/zhaoqianqian/IDEAUl/Project/GoBang)
2025-03-07T14:34:50.362+08:00  INFO 37755 --- [GoBang] [           main] org.mon.gobang.GoBangApplicationTests    : No active profile set, falling back to 1 default profile: "default"
2025-03-07T14:34:50.944+08:00  INFO 37755 --- [GoBang] [           main] org.mon.gobang.GoBangApplicationTests    : Started GoBangApplicationTests in 0.712 seconds (process running for 1.076)
]]></system-out>
  </testcase>
</testsuite>