<?xml version="1.0" encoding="UTF-8"?>
<testsuite xmlns:xsi="http://www.w3.org/2001/XMLSchema-instance" xsi:noNamespaceSchemaLocation="https://maven.apache.org/surefire/maven-surefire-plugin/xsd/surefire-test-report.xsd" version="3.0.2" name="org.mon.blog_system.SecurityUtilTest" time="0.053" tests="2" errors="0" skipped="0" failures="0">
  <properties>
[...]
</properties>
  <testcase name="encrypt" classname="org.mon.blog_system.SecurityUtilTest" time="0.016">
    <system-out><![CDATA[ba4f99f1d00944a1bac0641a6c2320b1
f04801866f4a6d9f076a1c0fe3c0e98d
]]></system-out>
  </testcase>
  <testcase name="genPassword" classname="org.mon.blog_system.SecurityUtilTest" time="0.027">
    <system-out><![CDATA[1c86e0427e26423da288802767aa451d5baed6e04dfe3ed880a0a7e239b53f35
]]></system-out>
  </testcase>
</testsuite>